<!DOCTYPE html PUBLIC "-//W3C//DTD XHTML 1.1//EN" "https://www.w3.org/TR/xhtml11/DTD/xhtml11.dtd">
<html xmlns="https://www.w3.org/1999/xhtml">
<head>
<meta http-equiv="content-type" content="text/html; charset=UTF-8"/>
<title>TestNG Report</title>
<style type="text/css">table {margin-bottom:10px;border-collapse:collapse;empty-cells:show}th,td {border:1px solid #009;padding:.25em .5em}th {vertical-align:bottom}td {vertical-align:top}table a {font-weight:bold}.stripe td {background-color: #E6EBF9}.num {text-align:right}.passedodd td {background-color: #3F3}.passedeven td {background-color: #0A0}.skippedodd td {background-color: #DDD}.skippedeven td {background-color: #CCC}.failedodd td,.attn {background-color: #F33}.failedeven td,.stripe .attn {background-color: #D00}.stacktrace {white-space:pre;font-family:monospace}.totop {font-size:85%;text-align:center;border-bottom:2px solid #000}.invisible {display:none}</style>
</head>
<body>
<table>
<tr><th>Test</th><th># Passed</th><th># Skipped</th><th># Retried</th><th># Failed</th><th>Time (ms)</th><th>Included Groups</th><th>Excluded Groups</th></tr>
<tr><th colspan="8">Suite</th></tr>
<tr><td><a href="#t0">ChromeTest</a></td><td class="num">11</td><td class="num">0</td><td class="num">0</td><td class="num">0</td><td class="num">85,227</td><td></td><td></td></tr>
<tr class="stripe"><td><a href="#t1">EdgeTest</a></td><td class="num">9</td><td class="num attn">2</td><td class="num attn">1</td><td class="num">0</td><td class="num">97,343</td><td></td><td></td></tr>
<tr><th>Total</th><th class="num">20</th><th class="num attn">2</th><th class="num attn">1</th><th class="num">0</th><th class="num">182,570</th><th colspan="2"></th></tr>
</table>
<table id='summary'><thead><tr><th>Class</th><th>Method</th><th>Start</th><th>Time (ms)</th></tr></thead><tbody><tr><th colspan="4">Suite</th></tr></tbody><tbody id="t0"><tr><th colspan="4">ChromeTest &#8212; passed</th></tr><tr class="passedeven"><td rowspan="3">testClasses.HomePageTestClass</td><td><a href="#m0">verifyFooterText</a></td><td rowspan="1">1723066169901</td><td rowspan="1">2110</td></tr><tr class="passedeven"><td><a href="#m1">verifyLogOutProcess</a></td><td rowspan="1">1723066142674</td><td rowspan="1">3547</td></tr><tr class="passedeven"><td><a href="#m2">verifyMainMenuLinkTitles</a></td><td rowspan="1">1723066113502</td><td rowspan="1">2514</td></tr><tr class="passedodd"><td rowspan="5">testClasses.LoginPageTestClass</td><td><a href="#m3">verfySuccesfullLogin</a></td><td rowspan="1">1723066107685</td><td rowspan="1">2693</td></tr><tr class="passedodd"><td><a href="#m4">verifyTheExpectedPageisOpensWhileHittingTheUrl</a></td><td rowspan="1">1723066183785</td><td rowspan="1">11</td></tr><tr class="passedodd"><td><a href="#m5">verifyUnsuccessfulLogin</a></td><td rowspan="3">1723066149501</td><td rowspan="3">1538</td></tr><tr class="passedodd"><td><a href="#m6">verifyUnsuccessfulLogin</a></td></tr><tr class="passedodd"><td><a href="#m7">verifyUnsuccessfulLogin</a></td></tr><tr class="passedeven"><td rowspan="3">testClasses.WorkerTestClass</td><td><a href="#m8">verifyPaginationWorkerPage</a></td><td rowspan="1">1723066175293</td><td rowspan="1">3899</td></tr><tr class="passedeven"><td><a href="#m9">verifyToCreateWorker</a></td><td rowspan="1">1723066119094</td><td rowspan="1">20293</td></tr><tr class="passedeven"><td><a href="#m10">verifyWorkerSearch</a></td><td rowspan="1">1723066162545</td><td rowspan="1">3936</td></tr></tbody>
<tbody id="t1"><tr><th colspan="4">EdgeTest &#8212; failed (configuration methods)</th></tr><tr class="failedeven"><td rowspan="1">testClasses.ClientTestClass</td><td><a href="#m11">beforeMethod</a></td><td rowspan="1">1723066214356</td><td rowspan="1">4465</td></tr><tr><th colspan="4">EdgeTest &#8212; skipped (configuration methods)</th></tr><tr class="skippedeven"><td rowspan="5">testClasses.ClientTestClass</td><td><a href="#m12">afterMethod</a></td><td rowspan="3">1723066226599</td><td rowspan="3">0</td></tr><tr class="skippedeven"><td><a href="#m13">afterMethod</a></td></tr><tr class="skippedeven"><td><a href="#m14">afterMethod</a></td></tr><tr class="skippedeven"><td><a href="#m15">beforeMethod</a></td><td rowspan="2">1723066275761</td><td rowspan="2">0</td></tr><tr class="skippedeven"><td><a href="#m16">beforeMethod</a></td></tr><tr><th colspan="4">EdgeTest &#8212; skipped</th></tr><tr class="skippedeven"><td rowspan="2">testClasses.ClientTestClass</td><td><a href="#m17">verifyClientSearch</a></td><td rowspan="1">1723066226601</td><td rowspan="1">0</td></tr><tr class="skippedeven"><td><a href="#m18">verifyPaginationClientPage</a></td><td rowspan="1">1723066275761</td><td rowspan="1">0</td></tr><tr><th colspan="4">EdgeTest &#8212; retried</th></tr><tr class="retriedeven"><td rowspan="1">testClasses.ClientTestClass</td><td><a href="#m19">verifyToCreateClient</a></td><td rowspan="1">1723066198638</td><td rowspan="1">15467</td></tr><tr><th colspan="4">EdgeTest &#8212; passed</th></tr><tr class="passedeven"><td rowspan="1">testClasses.ClientTestClass</td><td><a href="#m20">verifyToCreateClient</a></td><td rowspan="1">1723066218821</td><td rowspan="1">7777</td></tr><tr class="passedodd"><td rowspan="3">testClasses.HomePageTestClass</td><td><a href="#m21">verifyFooterText</a></td><td rowspan="1">1723066273361</td><td rowspan="1">2117</td></tr><tr class="passedodd"><td><a href="#m22">verifyLogOutProcess</a></td><td rowspan="1">1723066231523</td><td rowspan="1">3659</td></tr><tr class="passedodd"><td><a href="#m23">verifyMainMenuLinkTitles</a></td><td rowspan="1">1723066193004</td><td rowspan="1">2394</td></tr><tr class="passedeven"><td rowspan="5">testClasses.LoginPageTestClass</td><td><a href="#m24">verfySuccesfullLogin</a></td><td rowspan="1">1723066187635</td><td rowspan="1">2200</td></tr><tr class="passedeven"><td><a href="#m25">verifyTheExpectedPageisOpensWhileHittingTheUrl</a></td><td rowspan="1">1723066281460</td><td rowspan="1">20</td></tr><tr class="passedeven"><td><a href="#m26">verifyUnsuccessfulLogin</a></td><td rowspan="3">1723066248921</td><td rowspan="3">1520</td></tr><tr class="passedeven"><td><a href="#m27">verifyUnsuccessfulLogin</a></td></tr><tr class="passedeven"><td><a href="#m28">verifyUnsuccessfulLogin</a></td></tr></tbody>
</table>
<h2>ChromeTest</h2><h3 id="m0">testClasses.HomePageTestClass#verifyFooterText</h3><table class="result"><tr><th class="invisible"/></tr></table><p class="totop"><a href="#summary">back to summary</a></p>
<h3 id="m1">testClasses.HomePageTestClass#verifyLogOutProcess</h3><table class="result"><tr><th class="invisible"/></tr></table><p class="totop"><a href="#summary">back to summary</a></p>
<h3 id="m2">testClasses.HomePageTestClass#verifyMainMenuLinkTitles</h3><table class="result"><tr><th class="invisible"/></tr></table><p class="totop"><a href="#summary">back to summary</a></p>
<h3 id="m3">testClasses.LoginPageTestClass#verfySuccesfullLogin</h3><table class="result"><tr class="param"><th>Parameter #1</th><th>Parameter #2</th></tr><tr class="param stripe"><td>carol</td><td>1q2w3e4r</td></tr></table><p class="totop"><a href="#summary">back to summary</a></p>
<h3 id="m4">testClasses.LoginPageTestClass#verifyTheExpectedPageisOpensWhileHittingTheUrl</h3><table class="result"><tr><th class="invisible"/></tr></table><p class="totop"><a href="#summary">back to summary</a></p>
<h3 id="m5">testClasses.LoginPageTestClass#verifyUnsuccessfulLogin</h3><table class="result"><tr class="param"><th>Parameter #1</th><th>Parameter #2</th></tr><tr class="param stripe"><td>carol</td><td>qwer1234</td></tr></table><p class="totop"><a href="#summary">back to summary</a></p>
<h3 id="m6">testClasses.LoginPageTestClass#verifyUnsuccessfulLogin</h3><table class="result"><tr class="param"><th>Parameter #1</th><th>Parameter #2</th></tr><tr class="param stripe"><td>carol123</td><td>qwer1234</td></tr></table><p class="totop"><a href="#summary">back to summary</a></p>
<h3 id="m7">testClasses.LoginPageTestClass#verifyUnsuccessfulLogin</h3><table class="result"><tr class="param"><th>Parameter #1</th><th>Parameter #2</th></tr><tr class="param stripe"><td>carol1</td><td>1q2w3e4r</td></tr></table><p class="totop"><a href="#summary">back to summary</a></p>
<h3 id="m8">testClasses.WorkerTestClass#verifyPaginationWorkerPage</h3><table class="result"><tr><th class="invisible"/></tr></table><p class="totop"><a href="#summary">back to summary</a></p>
<h3 id="m9">testClasses.WorkerTestClass#verifyToCreateWorker</h3><table class="result"><tr><th class="invisible"/></tr></table><p class="totop"><a href="#summary">back to summary</a></p>
<h3 id="m10">testClasses.WorkerTestClass#verifyWorkerSearch</h3><table class="result"><tr><th class="invisible"/></tr></table><p class="totop"><a href="#summary">back to summary</a></p>
<h2>EdgeTest</h2><h3 id="m11">testClasses.ClientTestClass#beforeMethod</h3><table class="result"><tr class="param"><th>Parameter #1</th></tr><tr class="param stripe"><td>edge</td></tr><tr><th>Exception</th></tr><tr><td><div class="stacktrace">org.openqa.selenium.WebDriverException: unknown error: failed to change window state to &apos;maximized&apos;, current state is &apos;minimized&apos;
  (Session info: MicrosoftEdge=127.0.2651.86)
Build info: version: &apos;4.11.0&apos;, revision: &apos;040bc5406b&apos;
System info: os.name: &apos;Windows 11&apos;, os.arch: &apos;amd64&apos;, os.version: &apos;10.0&apos;, java.version: &apos;17.0.9&apos;
Driver info: org.openqa.selenium.edge.EdgeDriver
Command: [ffcbbf40de92fd2cd472f0d6a3bce106, maximizeCurrentWindow {}]
Capabilities {acceptInsecureCerts: false, browserName: MicrosoftEdge, browserVersion: 127.0.2651.86, fedcm:accounts: true, ms:edgeOptions: {debuggerAddress: localhost:55602}, msedge: {msedgedriverVersion: 127.0.2651.86 (ac31d8b82969..., userDataDir: C:\Users\Asus\AppData\Local...}, networkConnectionEnabled: false, pageLoadStrategy: normal, platformName: windows, proxy: Proxy(), se:cdp: ws://localhost:55602/devtoo..., se:cdpVersion: 127.0.2651.86, setWindowRect: true, strictFileInteractability: false, timeouts: {implicit: 0, pageLoad: 300000, script: 30000}, unhandledPromptBehavior: dismiss and notify, webauthn:extension:credBlob: true, webauthn:extension:largeBlob: true, webauthn:extension:minPinLength: true, webauthn:extension:prf: true, webauthn:virtualAuthenticators: true}
Session ID: ffcbbf40de92fd2cd472f0d6a3bce106
	at org.openqa.selenium.remote.codec.w3c.W3CHttpResponseCodec.createException(W3CHttpResponseCodec.java:200)
	at org.openqa.selenium.remote.codec.w3c.W3CHttpResponseCodec.decode(W3CHttpResponseCodec.java:133)
	at org.openqa.selenium.remote.codec.w3c.W3CHttpResponseCodec.decode(W3CHttpResponseCodec.java:52)
	at org.openqa.selenium.remote.HttpCommandExecutor.execute(HttpCommandExecutor.java:191)
	at org.openqa.selenium.remote.service.DriverCommandExecutor.invokeExecute(DriverCommandExecutor.java:196)
	at org.openqa.selenium.remote.service.DriverCommandExecutor.execute(DriverCommandExecutor.java:171)
	at org.openqa.selenium.remote.RemoteWebDriver.execute(RemoteWebDriver.java:518)
	at org.openqa.selenium.remote.RemoteWebDriver.execute(RemoteWebDriver.java:591)
	at org.openqa.selenium.remote.RemoteWebDriver.execute(RemoteWebDriver.java:595)
	at org.openqa.selenium.remote.RemoteWebDriver$RemoteWebDriverOptions$RemoteWindow.maximize(RemoteWebDriver.java:978)
	at testClasses.BaseClass.beforeMethod(BaseClass.java:44)
	at java.base/java.util.ArrayList.forEach(ArrayList.java:1511)
... Removed 36 stack frames</div></td></tr></table><p class="totop"><a href="#summary">back to summary</a></p>
<h3 id="m12">testClasses.ClientTestClass#afterMethod</h3><table class="result"><tr><th class="invisible"/></tr></table><p class="totop"><a href="#summary">back to summary</a></p>
<h3 id="m13">testClasses.ClientTestClass#afterMethod</h3><table class="result"><tr><th class="invisible"/></tr></table><p class="totop"><a href="#summary">back to summary</a></p>
<h3 id="m14">testClasses.ClientTestClass#afterMethod</h3><table class="result"><tr><th class="invisible"/></tr></table><p class="totop"><a href="#summary">back to summary</a></p>
<h3 id="m15">testClasses.ClientTestClass#beforeMethod</h3><table class="result"><tr><th class="invisible"/></tr></table><p class="totop"><a href="#summary">back to summary</a></p>
<h3 id="m16">testClasses.ClientTestClass#beforeMethod</h3><table class="result"><tr><th class="invisible"/></tr></table><p class="totop"><a href="#summary">back to summary</a></p>
<h3 id="m17">testClasses.ClientTestClass#verifyClientSearch</h3><table class="result"><tr><th>Exception</th></tr><tr><td><div class="stacktrace">org.openqa.selenium.WebDriverException: unknown error: failed to change window state to &apos;maximized&apos;, current state is &apos;minimized&apos;
  (Session info: MicrosoftEdge=127.0.2651.86)
Build info: version: &apos;4.11.0&apos;, revision: &apos;040bc5406b&apos;
System info: os.name: &apos;Windows 11&apos;, os.arch: &apos;amd64&apos;, os.version: &apos;10.0&apos;, java.version: &apos;17.0.9&apos;
Driver info: org.openqa.selenium.edge.EdgeDriver
Command: [ffcbbf40de92fd2cd472f0d6a3bce106, maximizeCurrentWindow {}]
Capabilities {acceptInsecureCerts: false, browserName: MicrosoftEdge, browserVersion: 127.0.2651.86, fedcm:accounts: true, ms:edgeOptions: {debuggerAddress: localhost:55602}, msedge: {msedgedriverVersion: 127.0.2651.86 (ac31d8b82969..., userDataDir: C:\Users\Asus\AppData\Local...}, networkConnectionEnabled: false, pageLoadStrategy: normal, platformName: windows, proxy: Proxy(), se:cdp: ws://localhost:55602/devtoo..., se:cdpVersion: 127.0.2651.86, setWindowRect: true, strictFileInteractability: false, timeouts: {implicit: 0, pageLoad: 300000, script: 30000}, unhandledPromptBehavior: dismiss and notify, webauthn:extension:credBlob: true, webauthn:extension:largeBlob: true, webauthn:extension:minPinLength: true, webauthn:extension:prf: true, webauthn:virtualAuthenticators: true}
Session ID: ffcbbf40de92fd2cd472f0d6a3bce106
	at org.openqa.selenium.remote.codec.w3c.W3CHttpResponseCodec.createException(W3CHttpResponseCodec.java:200)
	at org.openqa.selenium.remote.codec.w3c.W3CHttpResponseCodec.decode(W3CHttpResponseCodec.java:133)
	at org.openqa.selenium.remote.codec.w3c.W3CHttpResponseCodec.decode(W3CHttpResponseCodec.java:52)
	at org.openqa.selenium.remote.HttpCommandExecutor.execute(HttpCommandExecutor.java:191)
	at org.openqa.selenium.remote.service.DriverCommandExecutor.invokeExecute(DriverCommandExecutor.java:196)
	at org.openqa.selenium.remote.service.DriverCommandExecutor.execute(DriverCommandExecutor.java:171)
	at org.openqa.selenium.remote.RemoteWebDriver.execute(RemoteWebDriver.java:518)
	at org.openqa.selenium.remote.RemoteWebDriver.execute(RemoteWebDriver.java:591)
	at org.openqa.selenium.remote.RemoteWebDriver.execute(RemoteWebDriver.java:595)
	at org.openqa.selenium.remote.RemoteWebDriver$RemoteWebDriverOptions$RemoteWindow.maximize(RemoteWebDriver.java:978)
	at testClasses.BaseClass.beforeMethod(BaseClass.java:44)
	at java.base/java.util.ArrayList.forEach(ArrayList.java:1511)
... Removed 36 stack frames</div></td></tr></table><p class="totop"><a href="#summary">back to summary</a></p>
<h3 id="m18">testClasses.ClientTestClass#verifyPaginationClientPage</h3><table class="result"><tr><th>Exception</th></tr><tr><td><div class="stacktrace">org.openqa.selenium.WebDriverException: unknown error: failed to change window state to &apos;maximized&apos;, current state is &apos;minimized&apos;
  (Session info: MicrosoftEdge=127.0.2651.86)
Build info: version: &apos;4.11.0&apos;, revision: &apos;040bc5406b&apos;
System info: os.name: &apos;Windows 11&apos;, os.arch: &apos;amd64&apos;, os.version: &apos;10.0&apos;, java.version: &apos;17.0.9&apos;
Driver info: org.openqa.selenium.edge.EdgeDriver
Command: [ffcbbf40de92fd2cd472f0d6a3bce106, maximizeCurrentWindow {}]
Capabilities {acceptInsecureCerts: false, browserName: MicrosoftEdge, browserVersion: 127.0.2651.86, fedcm:accounts: true, ms:edgeOptions: {debuggerAddress: localhost:55602}, msedge: {msedgedriverVersion: 127.0.2651.86 (ac31d8b82969..., userDataDir: C:\Users\Asus\AppData\Local...}, networkConnectionEnabled: false, pageLoadStrategy: normal, platformName: windows, proxy: Proxy(), se:cdp: ws://localhost:55602/devtoo..., se:cdpVersion: 127.0.2651.86, setWindowRect: true, strictFileInteractability: false, timeouts: {implicit: 0, pageLoad: 300000, script: 30000}, unhandledPromptBehavior: dismiss and notify, webauthn:extension:credBlob: true, webauthn:extension:largeBlob: true, webauthn:extension:minPinLength: true, webauthn:extension:prf: true, webauthn:virtualAuthenticators: true}
Session ID: ffcbbf40de92fd2cd472f0d6a3bce106
	at org.openqa.selenium.remote.codec.w3c.W3CHttpResponseCodec.createException(W3CHttpResponseCodec.java:200)
	at org.openqa.selenium.remote.codec.w3c.W3CHttpResponseCodec.decode(W3CHttpResponseCodec.java:133)
	at org.openqa.selenium.remote.codec.w3c.W3CHttpResponseCodec.decode(W3CHttpResponseCodec.java:52)
	at org.openqa.selenium.remote.HttpCommandExecutor.execute(HttpCommandExecutor.java:191)
	at org.openqa.selenium.remote.service.DriverCommandExecutor.invokeExecute(DriverCommandExecutor.java:196)
	at org.openqa.selenium.remote.service.DriverCommandExecutor.execute(DriverCommandExecutor.java:171)
	at org.openqa.selenium.remote.RemoteWebDriver.execute(RemoteWebDriver.java:518)
	at org.openqa.selenium.remote.RemoteWebDriver.execute(RemoteWebDriver.java:591)
	at org.openqa.selenium.remote.RemoteWebDriver.execute(RemoteWebDriver.java:595)
	at org.openqa.selenium.remote.RemoteWebDriver$RemoteWebDriverOptions$RemoteWindow.maximize(RemoteWebDriver.java:978)
	at testClasses.BaseClass.beforeMethod(BaseClass.java:44)
	at java.base/java.util.ArrayList.forEach(ArrayList.java:1511)
... Removed 36 stack frames</div></td></tr></table><p class="totop"><a href="#summary">back to summary</a></p>
<h3 id="m19">testClasses.ClientTestClass#verifyToCreateClient</h3><table class="result"><tr><th>Exception</th></tr><tr><td><div class="stacktrace">org.openqa.selenium.TimeoutException: Expected condition failed: waiting for visibility of Proxy element for: DefaultElementLocator &apos;By.xpath: //table[@id=&apos;w0&apos;]//tr[3]//td[1]&apos; (tried for 10 second(s) with 500 milliseconds interval)
	at org.openqa.selenium.support.ui.WebDriverWait.timeoutException(WebDriverWait.java:84)
	at org.openqa.selenium.support.ui.FluentWait.until(FluentWait.java:230)
	at utilities.ExplicitWaitClass.visibitlityOfElementWait(ExplicitWaitClass.java:60)
	at pageClasses.ClientClass.getNameOfCreatedClient(ClientClass.java:155)
	at testClasses.ClientTestClass.verifyToCreateClient(ClientTestClass.java:37)
	at java.base/java.util.ArrayList.forEach(ArrayList.java:1511)
Caused by: org.openqa.selenium.NoSuchElementException: no such element: Unable to locate element: {&quot;method&quot;:&quot;xpath&quot;,&quot;selector&quot;:&quot;//table[@id=&apos;w0&apos;]//tr[3]//td[1]&quot;}
  (Session info: MicrosoftEdge=127.0.2651.86)
For documentation on this error, please visit: https://www.selenium.dev/documentation/webdriver/troubleshooting/errors#no-such-element-exception
Build info: version: &apos;4.11.0&apos;, revision: &apos;040bc5406b&apos;
System info: os.name: &apos;Windows 11&apos;, os.arch: &apos;amd64&apos;, os.version: &apos;10.0&apos;, java.version: &apos;17.0.9&apos;
Driver info: org.openqa.selenium.edge.EdgeDriver
Command: [adbcbcdc1f28b6cbf8ccfbc670e1f7ad, findElement {using=xpath, value=//table[@id=&apos;w0&apos;]//tr[3]//td[1]}]
Capabilities {acceptInsecureCerts: false, browserName: MicrosoftEdge, browserVersion: 127.0.2651.86, fedcm:accounts: true, ms:edgeOptions: {debuggerAddress: localhost:55564}, msedge: {msedgedriverVersion: 127.0.2651.86 (ac31d8b82969..., userDataDir: C:\Users\Asus\AppData\Local...}, networkConnectionEnabled: false, pageLoadStrategy: normal, platformName: windows, proxy: Proxy(), se:cdp: ws://localhost:55564/devtoo..., se:cdpVersion: 127.0.2651.86, setWindowRect: true, strictFileInteractability: false, timeouts: {implicit: 0, pageLoad: 300000, script: 30000}, unhandledPromptBehavior: dismiss and notify, webauthn:extension:credBlob: true, webauthn:extension:largeBlob: true, webauthn:extension:minPinLength: true, webauthn:extension:prf: true, webauthn:virtualAuthenticators: true}
Session ID: adbcbcdc1f28b6cbf8ccfbc670e1f7ad
	at org.openqa.selenium.remote.codec.w3c.W3CHttpResponseCodec.createException(W3CHttpResponseCodec.java:200)
	at org.openqa.selenium.remote.codec.w3c.W3CHttpResponseCodec.decode(W3CHttpResponseCodec.java:133)
	at org.openqa.selenium.remote.codec.w3c.W3CHttpResponseCodec.decode(W3CHttpResponseCodec.java:52)
	at org.openqa.selenium.remote.HttpCommandExecutor.execute(HttpCommandExecutor.java:191)
	at org.openqa.selenium.remote.service.DriverCommandExecutor.invokeExecute(DriverCommandExecutor.java:196)
	at org.openqa.selenium.remote.service.DriverCommandExecutor.execute(DriverCommandExecutor.java:171)
	at org.openqa.selenium.remote.RemoteWebDriver.execute(RemoteWebDriver.java:518)
	at org.openqa.selenium.remote.ElementLocation$ElementFinder$2.findElement(ElementLocation.java:165)
	at org.openqa.selenium.remote.ElementLocation.findElement(ElementLocation.java:59)
	at org.openqa.selenium.remote.RemoteWebDriver.findElement(RemoteWebDriver.java:355)
	at org.openqa.selenium.remote.RemoteWebDriver.findElement(RemoteWebDriver.java:349)
	at org.openqa.selenium.support.pagefactory.DefaultElementLocator.findElement(DefaultElementLocator.java:68)
	at org.openqa.selenium.support.pagefactory.internal.LocatingElementHandler.invoke(LocatingElementHandler.java:38)
	at jdk.proxy2/jdk.proxy2.$Proxy23.isDisplayed(Unknown Source)
	at org.openqa.selenium.support.ui.ExpectedConditions.elementIfVisible(ExpectedConditions.java:304)
	at org.openqa.selenium.support.ui.ExpectedConditions.access$000(ExpectedConditions.java:37)
	at org.openqa.selenium.support.ui.ExpectedConditions$10.apply(ExpectedConditions.java:290)
	at org.openqa.selenium.support.ui.ExpectedConditions$10.apply(ExpectedConditions.java:287)
	at org.openqa.selenium.support.ui.FluentWait.until(FluentWait.java:205)
	... 31 more
... Removed 31 stack frames</div></td></tr></table><p class="totop"><a href="#summary">back to summary</a></p>
<h3 id="m20">testClasses.ClientTestClass#verifyToCreateClient</h3><table class="result"><tr><th class="invisible"/></tr></table><p class="totop"><a href="#summary">back to summary</a></p>
<h3 id="m21">testClasses.HomePageTestClass#verifyFooterText</h3><table class="result"><tr><th class="invisible"/></tr></table><p class="totop"><a href="#summary">back to summary</a></p>
<h3 id="m22">testClasses.HomePageTestClass#verifyLogOutProcess</h3><table class="result"><tr><th class="invisible"/></tr></table><p class="totop"><a href="#summary">back to summary</a></p>
<h3 id="m23">testClasses.HomePageTestClass#verifyMainMenuLinkTitles</h3><table class="result"><tr><th class="invisible"/></tr></table><p class="totop"><a href="#summary">back to summary</a></p>
<h3 id="m24">testClasses.LoginPageTestClass#verfySuccesfullLogin</h3><table class="result"><tr class="param"><th>Parameter #1</th><th>Parameter #2</th></tr><tr class="param stripe"><td>carol</td><td>1q2w3e4r</td></tr></table><p class="totop"><a href="#summary">back to summary</a></p>
<h3 id="m25">testClasses.LoginPageTestClass#verifyTheExpectedPageisOpensWhileHittingTheUrl</h3><table class="result"><tr><th class="invisible"/></tr></table><p class="totop"><a href="#summary">back to summary</a></p>
<h3 id="m26">testClasses.LoginPageTestClass#verifyUnsuccessfulLogin</h3><table class="result"><tr class="param"><th>Parameter #1</th><th>Parameter #2</th></tr><tr class="param stripe"><td>carol</td><td>qwer1234</td></tr></table><p class="totop"><a href="#summary">back to summary</a></p>
<h3 id="m27">testClasses.LoginPageTestClass#verifyUnsuccessfulLogin</h3><table class="result"><tr class="param"><th>Parameter #1</th><th>Parameter #2</th></tr><tr class="param stripe"><td>carol123</td><td>qwer1234</td></tr></table><p class="totop"><a href="#summary">back to summary</a></p>
<h3 id="m28">testClasses.LoginPageTestClass#verifyUnsuccessfulLogin</h3><table class="result"><tr class="param"><th>Parameter #1</th><th>Parameter #2</th></tr><tr class="param stripe"><td>carol1</td><td>1q2w3e4r</td></tr></table><p class="totop"><a href="#summary">back to summary</a></p>
</body>
</html>
